2026-02-11 06:42:20,696 [PID 28916] INFO No binary specified, looking for `pyre.bin` in PATH
2026-02-11 06:42:20,697 [PID 28916] INFO Pyre binary is located at `/Users/muyeedahmed/anaconda3/envs/sklearn-dev/bin/pyre.bin`
2026-02-11 06:42:20,697 [PID 28916] INFO Could not determine the number of Pyre workers from configuration. Auto-set the value to 7.
2026-02-11 06:42:20,776 [PID 28916] INFO No typeshed specified, looking for it...
2026-02-11 06:42:20,776 [PID 28916] INFO Found: `/Users/muyeedahmed/anaconda3/envs/sklearn-dev/lib/pyre_check/typeshed`
2026-02-11 06:42:20,796 [PID 28916] INFO Writing arguments into /var/folders/sl/252wdjh91f11c0qkl8k8_y4h0000gn/T/pyre_arguments_p22ssjwv.json...
2026-02-11 06:42:20,796 [PID 28916] DEBUG Arguments:
{
  "source_paths": {
    "kind": "simple",
    "paths": [
      "/Users/muyeedahmed/Desktop/Gitcode/ForkedLibrary/pysa-sklearn/scikit-learn"
    ]
  },
  "search_paths": [
    "/Users/muyeedahmed/anaconda3/envs/sklearn-dev/lib/python3.9/site-packages$pyproject_metadata",
    "/Users/muyeedahmed/anaconda3/envs/sklearn-dev/lib/python3.9/site-packages$pytoolconfig",
    "/Users/muyeedahmed/anaconda3/envs/sklearn-dev/lib/python3.9/site-packages$jupyter_client",
    "/Users/muyeedahmed/anaconda3/envs/sklearn-dev/lib/python3.9/site-packages$tomlkit",
    "/Users/muyeedahmed/anaconda3/envs/sklearn-dev/lib/python3.9/site-packages$attrs",
    "/Users/muyeedahmed/anaconda3/envs/sklearn-dev/lib/python3.9/site-packages$werkzeug",
    "/Users/muyeedahmed/anaconda3/envs/sklearn-dev/lib/python3.9/site-packages$cattr",
    "/Users/muyeedahmed/anaconda3/envs/sklearn-dev/lib/python3.9/site-packages$IPython",
    "/Users/muyeedahmed/anaconda3/envs/sklearn-dev/lib/python3.9/site-packages$more_itertools",
    "/Users/muyeedahmed/anaconda3/envs/sklearn-dev/lib/python3.9/site-packages$_pytest",
    "/Users/muyeedahmed/anaconda3/envs/sklearn-dev/lib/python3.9/site-packages$ml_dtypes",
    "/Users/muyeedahmed/anaconda3/envs/sklearn-dev/lib/python3.9/site-packages$typeshed_client",
    "/Users/muyeedahmed/anaconda3/envs/sklearn-dev/lib/python3.9/site-packages$nbclient",
    "/Users/muyeedahmed/anaconda3/envs/sklearn-dev/lib/python3.9/site-packages$charset_normalizer",
    "/Users/muyeedahmed/anaconda3/envs/sklearn-dev/lib/python3.9/site-packages$pure_eval",
    "/Users/muyeedahmed/anaconda3/envs/sklearn-dev/lib/python3.9/site-packages$soupsieve",
    "/Users/muyeedahmed/anaconda3/envs/sklearn-dev/lib/python3.9/site-packages$xxhash",
    "/Users/muyeedahmed/anaconda3/envs/sklearn-dev/lib/python3.9/site-packages$django_stubs_ext",
    "/Users/muyeedahmed/anaconda3/envs/sklearn-dev/lib/python3.9/site-packages$inflection",
    "/Users/muyeedahmed/anaconda3/envs/sklearn-dev/lib/python3.9/site-packages$referencing",
    "/Users/muyeedahmed/anaconda3/envs/sklearn-dev/lib/python3.9/site-packages$pip",
    "/Users/muyeedahmed/anaconda3/envs/sklearn-dev/lib/python3.9/site-packages$aiopg",
    "/Users/muyeedahmed/anaconda3/envs/sklearn-dev/lib/python3.9/site-packages$isort",
    "/Users/muyeedahmed/anaconda3/envs/sklearn-dev/lib/python3.9/site-packages$sphinx",
    "/Users/muyeedahmed/anaconda3/envs/sklearn-dev/lib/python3.9/site-packages$imageio",
    "/Users/muyeedahmed/anaconda3/envs/sklearn-dev/lib/python3.9/site-packages$marshmallow",
    "/Users/muyeedahmed/anaconda3/envs/sklearn-dev/lib/python3.9/site-packages$cycler",
    "/Users/muyeedahmed/anaconda3/envs/sklearn-dev/lib/python3.9/site-packages$packaging",
    "/Users/muyeedahmed/anaconda3/envs/sklearn-dev/lib/python3.9/site-packages$pytz-stubs",
    "/Users/muyeedahmed/anaconda3/envs/sklearn-dev/lib/python3.9/site-packages$unidecode",
    "/Users/muyeedahmed/anaconda3/envs/sklearn-dev/lib/python3.9/site-packages$asgiref",
    "/Users/muyeedahmed/anaconda3/envs/sklearn-dev/lib/python3.9/site-packages$pluggy",
    "/Users/muyeedahmed/anaconda3/envs/sklearn-dev/lib/python3.9/site-packages$pytest",
    "/Users/muyeedahmed/anaconda3/envs/sklearn-dev/lib/python3.9/site-packages$keyring",
    "/Users/muyeedahmed/anaconda3/envs/sklearn-dev/lib/python3.9/site-packages$async_timeout",
    "/Users/muyeedahmed/anaconda3/envs/sklearn-dev/lib/python3.9/site-packages$click",
    "/Users/muyeedahmed/anaconda3/envs/sklearn-dev/lib/python3.9/site-packages$zmq",
    "/Users/muyeedahmed/anaconda3/envs/sklearn-dev/lib/python3.9/site-packages$nbconvert",
    "/Users/muyeedahmed/anaconda3/envs/sklearn-dev/lib/python3.9/site-packages$ninja",
    "/Users/muyeedahmed/anaconda3/envs/sklearn-dev/lib/python3.9/site-packages$testslide",
    "/Users/muyeedahmed/anaconda3/envs/sklearn-dev/lib/python3.9/site-packages$gurobipy",
    "/Users/muyeedahmed/anaconda3/envs/sklearn-dev/lib/python3.9/site-packages$dataclasses_json",
    "/Users/muyeedahmed/anaconda3/envs/sklearn-dev/lib/python3.9/site-packages$cryptography",
    "/Users/muyeedahmed/anaconda3/envs/sklearn-dev/lib/python3.9/site-packages$jinja2",
    "/Users/muyeedahmed/anaconda3/envs/sklearn-dev/lib/python3.9/site-packages$filelock",
    "/Users/muyeedahmed/anaconda3/envs/sklearn-dev/lib/python3.9/site-packages$idna",
    "/Users/muyeedahmed/anaconda3/envs/sklearn-dev/lib/python3.9/site-packages$exceptiongroup",
    "/Users/muyeedahmed/anaconda3/envs/sklearn-dev/lib/python3.9/site-packages$itsdangerous",
    "/Users/muyeedahmed/anaconda3/envs/sklearn-dev/lib/python3.9/site-packages$pathspec",
    "/Users/muyeedahmed/anaconda3/envs/sklearn-dev/lib/python3.9/site-packages$pygls",
    "/Users/muyeedahmed/anaconda3/envs/sklearn-dev/lib/python3.9/site-packages$certifi",
    "/Users/muyeedahmed/anaconda3/envs/sklearn-dev/lib/python3.9/site-packages$qtpy",
    "/Users/muyeedahmed/anaconda3/envs/sklearn-dev/lib/python3.9/site-packages$PIL",
    "/Users/muyeedahmed/anaconda3/envs/sklearn-dev/lib/python3.9/site-packages$rich",
    "/Users/muyeedahmed/anaconda3/envs/sklearn-dev/lib/python3.9/site-packages$pyparsing",
    "/Users/muyeedahmed/anaconda3/envs/sklearn-dev/lib/python3.9/site-packages$termcolor",
    "/Users/muyeedahmed/anaconda3/envs/sklearn-dev/lib/python3.9/site-packages$iniconfig",
    "/Users/muyeedahmed/anaconda3/envs/sklearn-dev/lib/python3.9/site-packages$rtree",
    "/Users/muyeedahmed/anaconda3/envs/sklearn-dev/lib/python3.9/site-packages$tifffile",
    "/Users/muyeedahmed/anaconda3/envs/sklearn-dev/lib/python3.9/site-packages$rsa",
    "/Users/muyeedahmed/anaconda3/envs/sklearn-dev/lib/python3.9/site-packages$cattrs",
    "/Users/muyeedahmed/anaconda3/envs/sklearn-dev/lib/python3.9/site-packages$nbformat",
    "/Users/muyeedahmed/anaconda3/envs/sklearn-dev/lib/python3.9/site-packages$contourpy",
    "/Users/muyeedahmed/anaconda3/envs/sklearn-dev/lib/python3.9/site-packages$rpds",
    "/Users/muyeedahmed/anaconda3/envs/sklearn-dev/lib/python3.9/site-packages$ipykernel",
    "/Users/muyeedahmed/anaconda3/envs/sklearn-dev/lib/python3.9/site-packages$tornado",
    "/Users/muyeedahmed/anaconda3/envs/sklearn-dev/lib/python3.9/site-packages$matplotlib",
    "/Users/muyeedahmed/anaconda3/envs/sklearn-dev/lib/python3.9/site-packages$lsprotocol",
    "/Users/muyeedahmed/anaconda3/envs/sklearn-dev/lib/python3.9/site-packages$promise",
    "/Users/muyeedahmed/anaconda3/envs/sklearn-dev/lib/python3.9/site-packages$PyPDF2",
    "/Users/muyeedahmed/anaconda3/envs/sklearn-dev/lib/python3.9/site-packages$blinker",
    "/Users/muyeedahmed/anaconda3/envs/sklearn-dev/lib/python3.9/site-packages$markupsafe",
    "/Users/muyeedahmed/anaconda3/envs/sklearn-dev/lib/python3.9/site-packages$arrow",
    "/Users/muyeedahmed/anaconda3/envs/sklearn-dev/lib/python3.9/site-packages$docstring_to_markdown",
    "/Users/muyeedahmed/anaconda3/envs/sklearn-dev/lib/python3.9/site-packages$skimage",
    "/Users/muyeedahmed/anaconda3/envs/sklearn-dev/lib/python3.9/site-packages$traitlets",
    "/Users/muyeedahmed/anaconda3/envs/sklearn-dev/lib/python3.9/site-packages$tomli",
    "/Users/muyeedahmed/anaconda3/envs/sklearn-dev/lib/python3.9/site-packages$yaml-stubs",
    "/Users/muyeedahmed/anaconda3/envs/sklearn-dev/lib/python3.9/site-packages$kiwisolver",
    "/Users/muyeedahmed/anaconda3/envs/sklearn-dev/lib/python3.9/site-packages$numpy",
    "/Users/muyeedahmed/anaconda3/envs/sklearn-dev/lib/python3.9/site-packages$jupyter_core",
    "/Users/muyeedahmed/anaconda3/envs/sklearn-dev/lib/python3.9/site-packages$graphql",
    "/Users/muyeedahmed/anaconda3/envs/sklearn-dev/lib/python3.9/site-packages$platformdirs",
    "/Users/muyeedahmed/anaconda3/envs/sklearn-dev/lib/python3.9/site-packages$importlib_metadata",
    "/Users/muyeedahmed/anaconda3/envs/sklearn-dev/lib/python3.9/site-packages$markdown_it",
    "/Users/muyeedahmed/anaconda3/envs/sklearn-dev/lib/python3.9/site-packages$jellyfish",
    "/Users/muyeedahmed/anaconda3/envs/sklearn-dev/lib/python3.9/site-packages$attr",
    "/Users/muyeedahmed/anaconda3/envs/sklearn-dev/lib/python3.9/site-packages$libcst",
    "/Users/muyeedahmed/anaconda3/envs/sklearn-dev/lib/python3.9/site-packages$flask",
    "/Users/muyeedahmed/anaconda3/envs/sklearn-dev/lib/python3.9/site-packages$torch",
    "/Users/muyeedahmed/anaconda3/envs/sklearn-dev/lib/python3.9/site-packages$mypy_django_plugin",
    "/Users/muyeedahmed/anaconda3/envs/sklearn-dev/lib/python3.9/site-packages$mdurl",
    "/Users/muyeedahmed/anaconda3/envs/sklearn-dev/lib/python3.9/site-packages$black",
    "/Users/muyeedahmed/anaconda3/envs/sklearn-dev/lib/python3.9/site-packages$typeguard",
    "/Users/muyeedahmed/anaconda3/envs/sklearn-dev/lib/python3.9/site-packages$django-stubs",
    "/Users/muyeedahmed/anaconda3/envs/sklearn-dev/lib/python3.9/site-packages$prompt_toolkit",
    "/Users/muyeedahmed/anaconda3/envs/sklearn-dev/lib/python3.9/site-packages$importlib_resources",
    "/Users/muyeedahmed/anaconda3/envs/sklearn-dev/lib/pyre_check/typeshed/stdlib",
    "/Users/muyeedahmed/anaconda3/envs/sklearn-dev/lib/pyre_check/typeshed/stubs/D3DShot",
    "/Users/muyeedahmed/anaconda3/envs/sklearn-dev/lib/pyre_check/typeshed/stubs/DateTimeRange",
    "/Users/muyeedahmed/anaconda3/envs/sklearn-dev/lib/pyre_check/typeshed/stubs/Deprecated",
    "/Users/muyeedahmed/anaconda3/envs/sklearn-dev/lib/pyre_check/typeshed/stubs/ExifRead",
    "/Users/muyeedahmed/anaconda3/envs/sklearn-dev/lib/pyre_check/typeshed/stubs/Flask-Cors",
    "/Users/muyeedahmed/anaconda3/envs/sklearn-dev/lib/pyre_check/typeshed/stubs/Flask-Migrate",
    "/Users/muyeedahmed/anaconda3/envs/sklearn-dev/lib/pyre_check/typeshed/stubs/Flask-SQLAlchemy",
    "/Users/muyeedahmed/anaconda3/envs/sklearn-dev/lib/pyre_check/typeshed/stubs/JACK-Client",
    "/Users/muyeedahmed/anaconda3/envs/sklearn-dev/lib/pyre_check/typeshed/stubs/Markdown",
    "/Users/muyeedahmed/anaconda3/envs/sklearn-dev/lib/pyre_check/typeshed/stubs/Pillow",
    "/Users/muyeedahmed/anaconda3/envs/sklearn-dev/lib/pyre_check/typeshed/stubs/PyAutoGUI",
    "/Users/muyeedahmed/anaconda3/envs/sklearn-dev/lib/pyre_check/typeshed/stubs/PyMySQL",
    "/Users/muyeedahmed/anaconda3/envs/sklearn-dev/lib/pyre_check/typeshed/stubs/PyScreeze",
    "/Users/muyeedahmed/anaconda3/envs/sklearn-dev/lib/pyre_check/typeshed/stubs/PyYAML",
    "/Users/muyeedahmed/anaconda3/envs/sklearn-dev/lib/pyre_check/typeshed/stubs/Pygments",
    "/Users/muyeedahmed/anaconda3/envs/sklearn-dev/lib/pyre_check/typeshed/stubs/SQLAlchemy",
    "/Users/muyeedahmed/anaconda3/envs/sklearn-dev/lib/pyre_check/typeshed/stubs/Send2Trash",
    "/Users/muyeedahmed/anaconda3/envs/sklearn-dev/lib/pyre_check/typeshed/stubs/aiofiles",
    "/Users/muyeedahmed/anaconda3/envs/sklearn-dev/lib/pyre_check/typeshed/stubs/annoy",
    "/Users/muyeedahmed/anaconda3/envs/sklearn-dev/lib/pyre_check/typeshed/stubs/appdirs",
    "/Users/muyeedahmed/anaconda3/envs/sklearn-dev/lib/pyre_check/typeshed/stubs/aws-xray-sdk",
    "/Users/muyeedahmed/anaconda3/envs/sklearn-dev/lib/pyre_check/typeshed/stubs/babel",
    "/Users/muyeedahmed/anaconda3/envs/sklearn-dev/lib/pyre_check/typeshed/stubs/backports.ssl_match_hostname",
    "/Users/muyeedahmed/anaconda3/envs/sklearn-dev/lib/pyre_check/typeshed/stubs/beautifulsoup4",
    "/Users/muyeedahmed/anaconda3/envs/sklearn-dev/lib/pyre_check/typeshed/stubs/bleach",
    "/Users/muyeedahmed/anaconda3/envs/sklearn-dev/lib/pyre_check/typeshed/stubs/boto",
    "/Users/muyeedahmed/anaconda3/envs/sklearn-dev/lib/pyre_check/typeshed/stubs/braintree",
    "/Users/muyeedahmed/anaconda3/envs/sklearn-dev/lib/pyre_check/typeshed/stubs/cachetools",
    "/Users/muyeedahmed/anaconda3/envs/sklearn-dev/lib/pyre_check/typeshed/stubs/caldav",
    "/Users/muyeedahmed/anaconda3/envs/sklearn-dev/lib/pyre_check/typeshed/stubs/cffi",
    "/Users/muyeedahmed/anaconda3/envs/sklearn-dev/lib/pyre_check/typeshed/stubs/chardet",
    "/Users/muyeedahmed/anaconda3/envs/sklearn-dev/lib/pyre_check/typeshed/stubs/chevron",
    "/Users/muyeedahmed/anaconda3/envs/sklearn-dev/lib/pyre_check/typeshed/stubs/click-spinner",
    "/Users/muyeedahmed/anaconda3/envs/sklearn-dev/lib/pyre_check/typeshed/stubs/colorama",
    "/Users/muyeedahmed/anaconda3/envs/sklearn-dev/lib/pyre_check/typeshed/stubs/commonmark",
    "/Users/muyeedahmed/anaconda3/envs/sklearn-dev/lib/pyre_check/typeshed/stubs/console-menu",
    "/Users/muyeedahmed/anaconda3/envs/sklearn-dev/lib/pyre_check/typeshed/stubs/contextvars",
    "/Users/muyeedahmed/anaconda3/envs/sklearn-dev/lib/pyre_check/typeshed/stubs/croniter",
    "/Users/muyeedahmed/anaconda3/envs/sklearn-dev/lib/pyre_check/typeshed/stubs/dateparser",
    "/Users/muyeedahmed/anaconda3/envs/sklearn-dev/lib/pyre_check/typeshed/stubs/decorator",
    "/Users/muyeedahmed/anaconda3/envs/sklearn-dev/lib/pyre_check/typeshed/stubs/dj-database-url",
    "/Users/muyeedahmed/anaconda3/envs/sklearn-dev/lib/pyre_check/typeshed/stubs/dockerfile-parse",
    "/Users/muyeedahmed/anaconda3/envs/sklearn-dev/lib/pyre_check/typeshed/stubs/docopt",
    "/Users/muyeedahmed/anaconda3/envs/sklearn-dev/lib/pyre_check/typeshed/stubs/docutils",
    "/Users/muyeedahmed/anaconda3/envs/sklearn-dev/lib/pyre_check/typeshed/stubs/editdistance",
    "/Users/muyeedahmed/anaconda3/envs/sklearn-dev/lib/pyre_check/typeshed/stubs/emoji",
    "/Users/muyeedahmed/anaconda3/envs/sklearn-dev/lib/pyre_check/typeshed/stubs/entrypoints",
    "/Users/muyeedahmed/anaconda3/envs/sklearn-dev/lib/pyre_check/typeshed/stubs/first",
    "/Users/muyeedahmed/anaconda3/envs/sklearn-dev/lib/pyre_check/typeshed/stubs/flake8-2020",
    "/Users/muyeedahmed/anaconda3/envs/sklearn-dev/lib/pyre_check/typeshed/stubs/flake8-bugbear",
    "/Users/muyeedahmed/anaconda3/envs/sklearn-dev/lib/pyre_check/typeshed/stubs/flake8-builtins",
    "/Users/muyeedahmed/anaconda3/envs/sklearn-dev/lib/pyre_check/typeshed/stubs/flake8-docstrings",
    "/Users/muyeedahmed/anaconda3/envs/sklearn-dev/lib/pyre_check/typeshed/stubs/flake8-plugin-utils",
    "/Users/muyeedahmed/anaconda3/envs/sklearn-dev/lib/pyre_check/typeshed/stubs/flake8-rst-docstrings",
    "/Users/muyeedahmed/anaconda3/envs/sklearn-dev/lib/pyre_check/typeshed/stubs/flake8-simplify",
    "/Users/muyeedahmed/anaconda3/envs/sklearn-dev/lib/pyre_check/typeshed/stubs/flake8-typing-imports",
    "/Users/muyeedahmed/anaconda3/envs/sklearn-dev/lib/pyre_check/typeshed/stubs/fpdf2",
    "/Users/muyeedahmed/anaconda3/envs/sklearn-dev/lib/pyre_check/typeshed/stubs/gdb",
    "/Users/muyeedahmed/anaconda3/envs/sklearn-dev/lib/pyre_check/typeshed/stubs/google-cloud-ndb",
    "/Users/muyeedahmed/anaconda3/envs/sklearn-dev/lib/pyre_check/typeshed/stubs/hdbcli",
    "/Users/muyeedahmed/anaconda3/envs/sklearn-dev/lib/pyre_check/typeshed/stubs/html5lib",
    "/Users/muyeedahmed/anaconda3/envs/sklearn-dev/lib/pyre_check/typeshed/stubs/httplib2",
    "/Users/muyeedahmed/anaconda3/envs/sklearn-dev/lib/pyre_check/typeshed/stubs/humanfriendly",
    "/Users/muyeedahmed/anaconda3/envs/sklearn-dev/lib/pyre_check/typeshed/stubs/ibm-db",
    "/Users/muyeedahmed/anaconda3/envs/sklearn-dev/lib/pyre_check/typeshed/stubs/influxdb-client",
    "/Users/muyeedahmed/anaconda3/envs/sklearn-dev/lib/pyre_check/typeshed/stubs/invoke",
    "/Users/muyeedahmed/anaconda3/envs/sklearn-dev/lib/pyre_check/typeshed/stubs/jmespath",
    "/Users/muyeedahmed/anaconda3/envs/sklearn-dev/lib/pyre_check/typeshed/stubs/jsonschema",
    "/Users/muyeedahmed/anaconda3/envs/sklearn-dev/lib/pyre_check/typeshed/stubs/keyboard",
    "/Users/muyeedahmed/anaconda3/envs/sklearn-dev/lib/pyre_check/typeshed/stubs/ldap3",
    "/Users/muyeedahmed/anaconda3/envs/sklearn-dev/lib/pyre_check/typeshed/stubs/mock",
    "/Users/muyeedahmed/anaconda3/envs/sklearn-dev/lib/pyre_check/typeshed/stubs/mypy-extensions",
    "/Users/muyeedahmed/anaconda3/envs/sklearn-dev/lib/pyre_check/typeshed/stubs/mysqlclient",
    "/Users/muyeedahmed/anaconda3/envs/sklearn-dev/lib/pyre_check/typeshed/stubs/netaddr",
    "/Users/muyeedahmed/anaconda3/envs/sklearn-dev/lib/pyre_check/typeshed/stubs/oauthlib",
    "/Users/muyeedahmed/anaconda3/envs/sklearn-dev/lib/pyre_check/typeshed/stubs/openpyxl",
    "/Users/muyeedahmed/anaconda3/envs/sklearn-dev/lib/pyre_check/typeshed/stubs/opentracing",
    "/Users/muyeedahmed/anaconda3/envs/sklearn-dev/lib/pyre_check/typeshed/stubs/paho-mqtt",
    "/Users/muyeedahmed/anaconda3/envs/sklearn-dev/lib/pyre_check/typeshed/stubs/paramiko",
    "/Users/muyeedahmed/anaconda3/envs/sklearn-dev/lib/pyre_check/typeshed/stubs/parsimonious",
    "/Users/muyeedahmed/anaconda3/envs/sklearn-dev/lib/pyre_check/typeshed/stubs/passlib",
    "/Users/muyeedahmed/anaconda3/envs/sklearn-dev/lib/pyre_check/typeshed/stubs/passpy",
    "/Users/muyeedahmed/anaconda3/envs/sklearn-dev/lib/pyre_check/typeshed/stubs/peewee",
    "/Users/muyeedahmed/anaconda3/envs/sklearn-dev/lib/pyre_check/typeshed/stubs/pep8-naming",
    "/Users/muyeedahmed/anaconda3/envs/sklearn-dev/lib/pyre_check/typeshed/stubs/pika",
    "/Users/muyeedahmed/anaconda3/envs/sklearn-dev/lib/pyre_check/typeshed/stubs/playsound",
    "/Users/muyeedahmed/anaconda3/envs/sklearn-dev/lib/pyre_check/typeshed/stubs/polib",
    "/Users/muyeedahmed/anaconda3/envs/sklearn-dev/lib/pyre_check/typeshed/stubs/prettytable",
    "/Users/muyeedahmed/anaconda3/envs/sklearn-dev/lib/pyre_check/typeshed/stubs/protobuf",
    "/Users/muyeedahmed/anaconda3/envs/sklearn-dev/lib/pyre_check/typeshed/stubs/psutil",
    "/Users/muyeedahmed/anaconda3/envs/sklearn-dev/lib/pyre_check/typeshed/stubs/psycopg2",
    "/Users/muyeedahmed/anaconda3/envs/sklearn-dev/lib/pyre_check/typeshed/stubs/pyOpenSSL",
    "/Users/muyeedahmed/anaconda3/envs/sklearn-dev/lib/pyre_check/typeshed/stubs/pyRFC3339",
    "/Users/muyeedahmed/anaconda3/envs/sklearn-dev/lib/pyre_check/typeshed/stubs/pyasn1",
    "/Users/muyeedahmed/anaconda3/envs/sklearn-dev/lib/pyre_check/typeshed/stubs/pyaudio",
    "/Users/muyeedahmed/anaconda3/envs/sklearn-dev/lib/pyre_check/typeshed/stubs/pycocotools",
    "/Users/muyeedahmed/anaconda3/envs/sklearn-dev/lib/pyre_check/typeshed/stubs/pycurl",
    "/Users/muyeedahmed/anaconda3/envs/sklearn-dev/lib/pyre_check/typeshed/stubs/pyfarmhash",
    "/Users/muyeedahmed/anaconda3/envs/sklearn-dev/lib/pyre_check/typeshed/stubs/pyflakes",
    "/Users/muyeedahmed/anaconda3/envs/sklearn-dev/lib/pyre_check/typeshed/stubs/pyinstaller",
    "/Users/muyeedahmed/anaconda3/envs/sklearn-dev/lib/pyre_check/typeshed/stubs/pynput",
    "/Users/muyeedahmed/anaconda3/envs/sklearn-dev/lib/pyre_check/typeshed/stubs/pyserial",
    "/Users/muyeedahmed/anaconda3/envs/sklearn-dev/lib/pyre_check/typeshed/stubs/pysftp",
    "/Users/muyeedahmed/anaconda3/envs/sklearn-dev/lib/pyre_check/typeshed/stubs/pytest-lazy-fixture",
    "/Users/muyeedahmed/anaconda3/envs/sklearn-dev/lib/pyre_check/typeshed/stubs/python-crontab",
    "/Users/muyeedahmed/anaconda3/envs/sklearn-dev/lib/pyre_check/typeshed/stubs/python-datemath",
    "/Users/muyeedahmed/anaconda3/envs/sklearn-dev/lib/pyre_check/typeshed/stubs/python-dateutil",
    "/Users/muyeedahmed/anaconda3/envs/sklearn-dev/lib/pyre_check/typeshed/stubs/python-gflags",
    "/Users/muyeedahmed/anaconda3/envs/sklearn-dev/lib/pyre_check/typeshed/stubs/python-jose",
    "/Users/muyeedahmed/anaconda3/envs/sklearn-dev/lib/pyre_check/typeshed/stubs/python-nmap",
    "/Users/muyeedahmed/anaconda3/envs/sklearn-dev/lib/pyre_check/typeshed/stubs/python-slugify",
    "/Users/muyeedahmed/anaconda3/envs/sklearn-dev/lib/pyre_check/typeshed/stubs/python-xlib",
    "/Users/muyeedahmed/anaconda3/envs/sklearn-dev/lib/pyre_check/typeshed/stubs/pytz",
    "/Users/muyeedahmed/anaconda3/envs/sklearn-dev/lib/pyre_check/typeshed/stubs/pyvmomi",
    "/Users/muyeedahmed/anaconda3/envs/sklearn-dev/lib/pyre_check/typeshed/stubs/pywin32",
    "/Users/muyeedahmed/anaconda3/envs/sklearn-dev/lib/pyre_check/typeshed/stubs/redis",
    "/Users/muyeedahmed/anaconda3/envs/sklearn-dev/lib/pyre_check/typeshed/stubs/regex",
    "/Users/muyeedahmed/anaconda3/envs/sklearn-dev/lib/pyre_check/typeshed/stubs/requests",
    "/Users/muyeedahmed/anaconda3/envs/sklearn-dev/lib/pyre_check/typeshed/stubs/retry",
    "/Users/muyeedahmed/anaconda3/envs/sklearn-dev/lib/pyre_check/typeshed/stubs/setuptools",
    "/Users/muyeedahmed/anaconda3/envs/sklearn-dev/lib/pyre_check/typeshed/stubs/simplejson",
    "/Users/muyeedahmed/anaconda3/envs/sklearn-dev/lib/pyre_check/typeshed/stubs/singledispatch",
    "/Users/muyeedahmed/anaconda3/envs/sklearn-dev/lib/pyre_check/typeshed/stubs/six",
    "/Users/muyeedahmed/anaconda3/envs/sklearn-dev/lib/pyre_check/typeshed/stubs/slumber",
    "/Users/muyeedahmed/anaconda3/envs/sklearn-dev/lib/pyre_check/typeshed/stubs/stdlib-list",
    "/Users/muyeedahmed/anaconda3/envs/sklearn-dev/lib/pyre_check/typeshed/stubs/stripe",
    "/Users/muyeedahmed/anaconda3/envs/sklearn-dev/lib/pyre_check/typeshed/stubs/tabulate",
    "/Users/muyeedahmed/anaconda3/envs/sklearn-dev/lib/pyre_check/typeshed/stubs/tensorflow",
    "/Users/muyeedahmed/anaconda3/envs/sklearn-dev/lib/pyre_check/typeshed/stubs/termcolor",
    "/Users/muyeedahmed/anaconda3/envs/sklearn-dev/lib/pyre_check/typeshed/stubs/toml",
    "/Users/muyeedahmed/anaconda3/envs/sklearn-dev/lib/pyre_check/typeshed/stubs/toposort",
    "/Users/muyeedahmed/anaconda3/envs/sklearn-dev/lib/pyre_check/typeshed/stubs/tqdm",
    "/Users/muyeedahmed/anaconda3/envs/sklearn-dev/lib/pyre_check/typeshed/stubs/tree-sitter",
    "/Users/muyeedahmed/anaconda3/envs/sklearn-dev/lib/pyre_check/typeshed/stubs/tree-sitter-languages",
    "/Users/muyeedahmed/anaconda3/envs/sklearn-dev/lib/pyre_check/typeshed/stubs/ttkthemes",
    "/Users/muyeedahmed/anaconda3/envs/sklearn-dev/lib/pyre_check/typeshed/stubs/typed-ast",
    "/Users/muyeedahmed/anaconda3/envs/sklearn-dev/lib/pyre_check/typeshed/stubs/tzlocal",
    "/Users/muyeedahmed/anaconda3/envs/sklearn-dev/lib/pyre_check/typeshed/stubs/ujson",
    "/Users/muyeedahmed/anaconda3/envs/sklearn-dev/lib/pyre_check/typeshed/stubs/untangle",
    "/Users/muyeedahmed/anaconda3/envs/sklearn-dev/lib/pyre_check/typeshed/stubs/urllib3",
    "/Users/muyeedahmed/anaconda3/envs/sklearn-dev/lib/pyre_check/typeshed/stubs/vobject",
    "/Users/muyeedahmed/anaconda3/envs/sklearn-dev/lib/pyre_check/typeshed/stubs/waitress",
    "/Users/muyeedahmed/anaconda3/envs/sklearn-dev/lib/pyre_check/typeshed/stubs/whatthepatch",
    "/Users/muyeedahmed/anaconda3/envs/sklearn-dev/lib/pyre_check/typeshed/stubs/xmltodict",
    "/Users/muyeedahmed/anaconda3/envs/sklearn-dev/lib/pyre_check/typeshed/stubs/xxhash",
    "/Users/muyeedahmed/anaconda3/envs/sklearn-dev/lib/pyre_check/typeshed/stubs/zstd",
    "/Users/muyeedahmed/anaconda3/envs/sklearn-dev/lib/pyre_check/typeshed/stubs/zxcvbn"
  ],
  "excludes": [],
  "checked_directory_allowlist": [
    "/Users/muyeedahmed/Desktop/Gitcode/ForkedLibrary/pysa-sklearn/scikit-learn"
  ],
  "checked_directory_blocklist": [],
  "extensions": [],
  "log_path": "/Users/muyeedahmed/Desktop/Gitcode/ForkedLibrary/pysa-sklearn/scikit-learn/.pyre",
  "global_root": "/Users/muyeedahmed/Desktop/Gitcode/ForkedLibrary/pysa-sklearn/scikit-learn",
  "debug": false,
  "python_version": {
    "major": 3,
    "minor": 9,
    "micro": 18
  },
  "shared_memory": {},
  "parallel": true,
  "number_of_workers": 7,
  "inline_decorators": false,
  "no_verify": false,
  "verify_dsl": false,
  "verify_taint_config_only": false,
  "strict": false,
  "taint_model_paths": [
    "/Users/muyeedahmed/Desktop/Gitcode/ForkedLibrary/pysa-sklearn/scikit-learn"
  ],
  "use_cache": false,
  "build_cache_only": false,
  "check_invariants": false,
  "limit_entrypoints": false,
  "compact_ocaml_heap": false,
  "saved_state": {
    "watchman_root": null,
    "project_name": null,
    "cache_critical_files": []
  }
}
2026-02-11 06:42:24,576 [PID 28916] INFO  Initializing shared memory (heap_size: 8589934592, dep_table_pow: 27, hash_table_pow: 26)
2026-02-11 06:42:24,604 [PID 28916] INFO  Verifying taint configuration.
2026-02-11 06:42:24,747 [PID 28916] PERFORMANCE  Verified taint configuration: 0.142s
2026-02-11 06:42:24,747 [PID 28916] INFO  Verifying model syntax.
2026-02-11 06:42:24,764 [PID 28916] INFO  Finding taint models in `/Users/muyeedahmed/Desktop/Gitcode/ForkedLibrary/pysa-sklearn/scikit-learn`.
2026-02-11 06:42:24,768 [PID 28916] PERFORMANCE  Verified model syntax: 0.021s
2026-02-11 06:42:24,768 [PID 28916] INFO  Parsing taint models for decorator modes...
2026-02-11 06:42:24,785 [PID 28916] INFO  Finding taint models in `/Users/muyeedahmed/Desktop/Gitcode/ForkedLibrary/pysa-sklearn/scikit-learn`.
2026-02-11 06:42:24,785 [PID 28916] PERFORMANCE  Parsed taint models for decorator modes: 0.017s
2026-02-11 06:42:24,785 [PID 28916] INFO  Starting type checking...
2026-02-11 06:42:24,787 [PID 28916] INFO  Creating environment...
2026-02-11 06:42:24,787 [PID 28916] INFO  Building module tracker...
2026-02-11 06:42:26,729 [PID 28916] PERFORMANCE  Module tracker built: 1.941s
2026-02-11 06:42:26,825 [PID 28916] PERFORMANCE  Full environment built: 2.039s
2026-02-11 06:42:26,826 [PID 28916] INFO  Found 12352 modules
2026-02-11 06:42:26,826 [PID 28916] INFO  Collecting all definitions...
2026-02-11 06:42:50,808 [PID 28916] PERFORMANCE  Collected definitions (defines: 220728): 23.981s
2026-02-11 06:42:50,809 [PID 28916] INFO  Checking 220728 functions...
2026-02-11 06:43:52,246 [PID 28916] INFO  Processed 4906 of 220728 functions
2026-02-11 06:44:00,487 [PID 28916] INFO  Processed 9812 of 220728 functions
2026-02-11 06:44:08,491 [PID 28916] INFO  Processed 14718 of 220728 functions
2026-02-11 06:44:18,304 [PID 28916] PERFORMANCE  Long type check of callable (cutoff time: 60, callable: matplotlib.tests.test_collections.test_polyquadmesh_masked_vertices_array)
2026-02-11 06:44:18,306 [PID 28916] INFO  The type check of matplotlib.tests.test_collections.test_polyquadmesh_masked_vertices_array is taking more than 60 seconds (pid = 28959)
2026-02-11 06:44:42,831 [PID 28916] INFO  Processed 19624 of 220728 functions
2026-02-11 06:44:44,677 [PID 28916] PERFORMANCE  Long type check of callable (cutoff time: 60, callable: numpy.lib.tests.test_format.$toplevel)
2026-02-11 06:44:44,689 [PID 28916] INFO  The type check of numpy.lib.tests.test_format.$toplevel is taking more than 60 seconds (pid = 28963)
2026-02-11 06:44:45,345 [PID 28916] INFO  Processed 24530 of 220728 functions
2026-02-11 06:45:02,107 [PID 28916] INFO  Processed 29436 of 220728 functions
2026-02-11 06:45:03,065 [PID 28916] INFO  Processed 34342 of 220728 functions
2026-02-11 06:45:18,311 [PID 28916] PERFORMANCE  Long type check of callable (cutoff time: 120, callable: matplotlib.tests.test_collections.test_polyquadmesh_masked_vertices_array)
2026-02-11 06:45:18,324 [PID 28916] INFO  The type check of matplotlib.tests.test_collections.test_polyquadmesh_masked_vertices_array is taking more than 120 seconds (pid = 28959)
2026-02-11 06:45:29,953 [PID 28916] INFO  Processed 39248 of 220728 functions
2026-02-11 06:45:39,999 [PID 28916] INFO  Processed 44154 of 220728 functions
2026-02-11 06:45:44,676 [PID 28916] PERFORMANCE  Long type check of callable (cutoff time: 120, callable: numpy.lib.tests.test_format.$toplevel)
2026-02-11 06:45:44,682 [PID 28916] INFO  The type check of numpy.lib.tests.test_format.$toplevel is taking more than 120 seconds (pid = 28963)
2026-02-11 06:45:54,711 [PID 28916] INFO  Processed 49060 of 220728 functions
2026-02-11 06:45:56,241 [PID 28916] INFO  Processed 53966 of 220728 functions
2026-02-11 06:46:09,747 [PID 28916] PERFORMANCE  Long type check of callable (cutoff time: 60, callable: matplotlib.tests.test_contour.test_deprecated_apis)
2026-02-11 06:46:09,748 [PID 28916] INFO  The type check of matplotlib.tests.test_contour.test_deprecated_apis is taking more than 60 seconds (pid = 28982)
2026-02-11 06:46:29,022 [PID 28916] INFO  Processed 58872 of 220728 functions
2026-02-11 06:46:34,994 [PID 28916] INFO  Processed 63778 of 220728 functions
2026-02-11 06:47:04,636 [PID 28916] INFO  Processed 68684 of 220728 functions
2026-02-11 06:47:07,504 [PID 28916] INFO  Processed 73590 of 220728 functions
2026-02-11 06:47:09,753 [PID 28916] PERFORMANCE  Long type check of callable (cutoff time: 120, callable: matplotlib.tests.test_contour.test_deprecated_apis)
2026-02-11 06:47:09,755 [PID 28916] INFO  The type check of matplotlib.tests.test_contour.test_deprecated_apis is taking more than 120 seconds (pid = 28982)
2026-02-11 06:47:10,696 [PID 28916] INFO  Processed 78496 of 220728 functions
2026-02-11 06:47:18,327 [PID 28916] PERFORMANCE  Long type check of callable (cutoff time: 240, callable: matplotlib.tests.test_collections.test_polyquadmesh_masked_vertices_array)
2026-02-11 06:47:18,335 [PID 28916] INFO  The type check of matplotlib.tests.test_collections.test_polyquadmesh_masked_vertices_array is taking more than 240 seconds (pid = 28959)
2026-02-11 06:47:44,681 [PID 28916] PERFORMANCE  Long type check of callable (cutoff time: 240, callable: numpy.lib.tests.test_format.$toplevel)
2026-02-11 06:47:44,685 [PID 28916] INFO  The type check of numpy.lib.tests.test_format.$toplevel is taking more than 240 seconds (pid = 28963)
2026-02-11 06:47:53,545 [PID 28916] INFO  Processed 83402 of 220728 functions
2026-02-11 06:47:54,463 [PID 28916] INFO  Processed 88308 of 220728 functions
2026-02-11 06:47:55,092 [PID 28916] INFO  Processed 93214 of 220728 functions
2026-02-11 06:48:25,762 [PID 28916] INFO  Processed 98120 of 220728 functions
2026-02-11 06:48:29,673 [PID 28916] INFO  Processed 103026 of 220728 functions
2026-02-11 06:48:57,546 [PID 28916] INFO  Processed 107932 of 220728 functions
2026-02-11 06:49:09,757 [PID 28916] PERFORMANCE  Long type check of callable (cutoff time: 240, callable: matplotlib.tests.test_contour.test_deprecated_apis)
2026-02-11 06:49:09,761 [PID 28916] INFO  The type check of matplotlib.tests.test_contour.test_deprecated_apis is taking more than 240 seconds (pid = 28982)
2026-02-11 06:49:21,614 [PID 28916] INFO  Processed 112838 of 220728 functions
2026-02-11 06:49:23,878 [PID 28916] PERFORMANCE  Long type check of callable (cutoff time: 60, callable: torch.ao.ns.fx.mappings.get_node_type_to_io_type_map)
2026-02-11 06:49:23,883 [PID 28916] INFO  The type check of torch.ao.ns.fx.mappings.get_node_type_to_io_type_map is taking more than 60 seconds (pid = 29059)
2026-02-11 06:49:38,040 [PID 28916] INFO  Processed 117744 of 220728 functions
2026-02-11 06:49:49,892 [PID 28916] INFO  Processed 122650 of 220728 functions
2026-02-11 06:50:13,545 [PID 28916] INFO  Processed 127556 of 220728 functions
2026-02-11 06:50:23,881 [PID 28916] PERFORMANCE  Long type check of callable (cutoff time: 120, callable: torch.ao.ns.fx.mappings.get_node_type_to_io_type_map)
2026-02-11 06:50:23,885 [PID 28916] INFO  The type check of torch.ao.ns.fx.mappings.get_node_type_to_io_type_map is taking more than 120 seconds (pid = 29059)
2026-02-11 06:50:30,645 [PID 28916] INFO  Processed 132462 of 220728 functions
2026-02-11 06:51:00,943 [PID 28916] INFO  Processed 137368 of 220728 functions
2026-02-11 06:51:05,257 [PID 28916] INFO  Processed 142274 of 220728 functions
2026-02-11 06:51:10,317 [PID 28916] PERFORMANCE  Long type check of callable (cutoff time: 60, callable: torch.overrides.get_testing_overrides)
2026-02-11 06:51:10,319 [PID 28916] INFO  The type check of torch.overrides.get_testing_overrides is taking more than 60 seconds (pid = 29064)
2026-02-11 06:51:18,355 [PID 28916] PERFORMANCE  Long type check of callable (cutoff time: 480, callable: matplotlib.tests.test_collections.test_polyquadmesh_masked_vertices_array)
2026-02-11 06:51:18,358 [PID 28916] INFO  The type check of matplotlib.tests.test_collections.test_polyquadmesh_masked_vertices_array is taking more than 480 seconds (pid = 28959)
2026-02-11 06:51:44,694 [PID 28916] PERFORMANCE  Long type check of callable (cutoff time: 480, callable: numpy.lib.tests.test_format.$toplevel)
2026-02-11 06:51:44,696 [PID 28916] INFO  The type check of numpy.lib.tests.test_format.$toplevel is taking more than 480 seconds (pid = 28963)
2026-02-11 06:51:53,457 [PID 28916] INFO  Processed 147180 of 220728 functions
2026-02-11 06:52:10,319 [PID 28916] PERFORMANCE  Long type check of callable (cutoff time: 120, callable: torch.overrides.get_testing_overrides)
2026-02-11 06:52:10,323 [PID 28916] INFO  The type check of torch.overrides.get_testing_overrides is taking more than 120 seconds (pid = 29064)
2026-02-11 06:52:23,893 [PID 28916] PERFORMANCE  Long type check of callable (cutoff time: 240, callable: torch.ao.ns.fx.mappings.get_node_type_to_io_type_map)
2026-02-11 06:52:23,894 [PID 28916] INFO  The type check of torch.ao.ns.fx.mappings.get_node_type_to_io_type_map is taking more than 240 seconds (pid = 29059)
2026-02-11 06:52:24,586 [PID 28916] INFO  Processed 152086 of 220728 functions
2026-02-11 06:52:27,756 [PID 28916] INFO  Processed 156992 of 220728 functions
2026-02-11 06:53:09,801 [PID 28916] PERFORMANCE  Long type check of callable (cutoff time: 480, callable: matplotlib.tests.test_contour.test_deprecated_apis)
2026-02-11 06:53:09,809 [PID 28916] INFO  The type check of matplotlib.tests.test_contour.test_deprecated_apis is taking more than 480 seconds (pid = 28982)
2026-02-11 06:53:12,921 [PID 28916] INFO  Processed 161898 of 220728 functions
2026-02-11 06:53:14,837 [PID 28916] INFO  Processed 166804 of 220728 functions
2026-02-11 06:54:08,666 [PID 28916] INFO  Processed 171710 of 220728 functions
2026-02-11 06:54:12,061 [PID 28916] INFO  Processed 176616 of 220728 functions
2026-02-11 06:54:18,404 [PID 28916] INFO  Processed 181522 of 220728 functions
2026-02-11 06:55:10,827 [PID 28916] INFO  Processed 186428 of 220728 functions
2026-02-11 06:55:20,005 [PID 28916] INFO  Processed 191334 of 220728 functions
2026-02-11 06:56:13,103 [PID 28916] INFO  Processed 196198 of 220728 functions
2026-02-11 06:56:23,465 [PID 28916] INFO  Processed 201104 of 220728 functions
2026-02-11 06:56:23,917 [PID 28916] PERFORMANCE  Long type check of callable (cutoff time: 480, callable: torch.ao.ns.fx.mappings.get_node_type_to_io_type_map)
2026-02-11 06:56:23,921 [PID 28916] INFO  The type check of torch.ao.ns.fx.mappings.get_node_type_to_io_type_map is taking more than 480 seconds (pid = 29059)
2026-02-11 06:58:36,012 [PID 28916] INFO  Processed 206010 of 220728 functions
2026-02-11 06:59:44,722 [PID 28916] PERFORMANCE  Long type check of callable (cutoff time: 960, callable: numpy.lib.tests.test_format.$toplevel)
2026-02-11 06:59:44,723 [PID 28916] INFO  The type check of numpy.lib.tests.test_format.$toplevel is taking more than 960 seconds (pid = 28963)
2026-02-11 07:01:09,827 [PID 28916] PERFORMANCE  Long type check of callable (cutoff time: 960, callable: matplotlib.tests.test_contour.test_deprecated_apis)
2026-02-11 07:01:09,829 [PID 28916] INFO  The type check of matplotlib.tests.test_contour.test_deprecated_apis is taking more than 960 seconds (pid = 28982)
2026-02-11 07:04:23,954 [PID 28916] PERFORMANCE  Long type check of callable (cutoff time: 960, callable: torch.ao.ns.fx.mappings.get_node_type_to_io_type_map)
2026-02-11 07:04:23,955 [PID 28916] INFO  The type check of torch.ao.ns.fx.mappings.get_node_type_to_io_type_map is taking more than 960 seconds (pid = 29059)
2026-02-11 07:15:44,796 [PID 28916] PERFORMANCE  Long type check of callable (cutoff time: 1920, callable: numpy.lib.tests.test_format.$toplevel)
2026-02-11 07:15:44,798 [PID 28916] INFO  The type check of numpy.lib.tests.test_format.$toplevel is taking more than 1920 seconds (pid = 28963)
2026-02-11 07:17:09,894 [PID 28916] PERFORMANCE  Long type check of callable (cutoff time: 1920, callable: matplotlib.tests.test_contour.test_deprecated_apis)
2026-02-11 07:17:09,898 [PID 28916] INFO  The type check of matplotlib.tests.test_contour.test_deprecated_apis is taking more than 1920 seconds (pid = 28982)
2026-02-11 07:20:24,020 [PID 28916] PERFORMANCE  Long type check of callable (cutoff time: 1920, callable: torch.ao.ns.fx.mappings.get_node_type_to_io_type_map)
2026-02-11 07:20:24,021 [PID 28916] INFO  The type check of torch.ao.ns.fx.mappings.get_node_type_to_io_type_map is taking more than 1920 seconds (pid = 29059)
2026-02-11 07:47:44,941 [PID 28916] PERFORMANCE  Long type check of callable (cutoff time: 3840, callable: numpy.lib.tests.test_format.$toplevel)
2026-02-11 07:47:44,944 [PID 28916] INFO  The type check of numpy.lib.tests.test_format.$toplevel is taking more than 3840 seconds (pid = 28963)
2026-02-11 07:49:10,022 [PID 28916] PERFORMANCE  Long type check of callable (cutoff time: 3840, callable: matplotlib.tests.test_contour.test_deprecated_apis)
2026-02-11 07:49:10,022 [PID 28916] INFO  The type check of matplotlib.tests.test_contour.test_deprecated_apis is taking more than 3840 seconds (pid = 28982)
2026-02-11 07:52:24,139 [PID 28916] PERFORMANCE  Long type check of callable (cutoff time: 3840, callable: torch.ao.ns.fx.mappings.get_node_type_to_io_type_map)
2026-02-11 07:52:24,141 [PID 28916] INFO  The type check of torch.ao.ns.fx.mappings.get_node_type_to_io_type_map is taking more than 3840 seconds (pid = 29059)
2026-02-11 08:45:20,795 [PID 28916] ERROR 
2026-02-11 10:43:52,751 [PID 34882] INFO No binary specified, looking for `pyre.bin` in PATH
2026-02-11 10:43:52,752 [PID 34882] INFO Pyre binary is located at `/Users/muyeedahmed/anaconda3/envs/sklearn-dev/bin/pyre.bin`
2026-02-11 10:43:52,752 [PID 34882] INFO Could not determine the number of Pyre workers from configuration. Auto-set the value to 7.
2026-02-11 10:43:52,823 [PID 34882] INFO No typeshed specified, looking for it...
2026-02-11 10:43:52,823 [PID 34882] INFO Found: `/Users/muyeedahmed/anaconda3/envs/sklearn-dev/lib/pyre_check/typeshed`
2026-02-11 10:43:52,826 [PID 34882] INFO Writing arguments into /var/folders/sl/252wdjh91f11c0qkl8k8_y4h0000gn/T/pyre_arguments_2xgyfbls.json...
2026-02-11 10:43:52,826 [PID 34882] DEBUG Arguments:
{
  "source_paths": {
    "kind": "simple",
    "paths": [
      "/Users/muyeedahmed/Desktop/Gitcode/ForkedLibrary/pysa-sklearn/scikit-learn"
    ]
  },
  "search_paths": [
    "/Users/muyeedahmed/anaconda3/envs/sklearn-dev/lib/python3.9/site-packages$kiwisolver",
    "/Users/muyeedahmed/anaconda3/envs/sklearn-dev/lib/python3.9/site-packages$nbformat",
    "/Users/muyeedahmed/anaconda3/envs/sklearn-dev/lib/python3.9/site-packages$graphql",
    "/Users/muyeedahmed/anaconda3/envs/sklearn-dev/lib/python3.9/site-packages$attrs",
    "/Users/muyeedahmed/anaconda3/envs/sklearn-dev/lib/python3.9/site-packages$exceptiongroup",
    "/Users/muyeedahmed/anaconda3/envs/sklearn-dev/lib/python3.9/site-packages$black",
    "/Users/muyeedahmed/anaconda3/envs/sklearn-dev/lib/python3.9/site-packages$pip",
    "/Users/muyeedahmed/anaconda3/envs/sklearn-dev/lib/python3.9/site-packages$cattrs",
    "/Users/muyeedahmed/anaconda3/envs/sklearn-dev/lib/python3.9/site-packages$cryptography",
    "/Users/muyeedahmed/anaconda3/envs/sklearn-dev/lib/python3.9/site-packages$cycler",
    "/Users/muyeedahmed/anaconda3/envs/sklearn-dev/lib/python3.9/site-packages$nbclient",
    "/Users/muyeedahmed/anaconda3/envs/sklearn-dev/lib/python3.9/site-packages$inflection",
    "/Users/muyeedahmed/anaconda3/envs/sklearn-dev/lib/python3.9/site-packages$matplotlib",
    "/Users/muyeedahmed/anaconda3/envs/sklearn-dev/lib/python3.9/site-packages$docstring_to_markdown",
    "/Users/muyeedahmed/anaconda3/envs/sklearn-dev/lib/python3.9/site-packages$jupyter_client",
    "/Users/muyeedahmed/anaconda3/envs/sklearn-dev/lib/python3.9/site-packages$tornado",
    "/Users/muyeedahmed/anaconda3/envs/sklearn-dev/lib/python3.9/site-packages$tomli",
    "/Users/muyeedahmed/anaconda3/envs/sklearn-dev/lib/python3.9/site-packages$ipykernel",
    "/Users/muyeedahmed/anaconda3/envs/sklearn-dev/lib/python3.9/site-packages$pure_eval",
    "/Users/muyeedahmed/anaconda3/envs/sklearn-dev/lib/python3.9/site-packages$libcst",
    "/Users/muyeedahmed/anaconda3/envs/sklearn-dev/lib/python3.9/site-packages$django-stubs",
    "/Users/muyeedahmed/anaconda3/envs/sklearn-dev/lib/python3.9/site-packages$ninja",
    "/Users/muyeedahmed/anaconda3/envs/sklearn-dev/lib/python3.9/site-packages$importlib_resources",
    "/Users/muyeedahmed/anaconda3/envs/sklearn-dev/lib/python3.9/site-packages$zmq",
    "/Users/muyeedahmed/anaconda3/envs/sklearn-dev/lib/python3.9/site-packages$referencing",
    "/Users/muyeedahmed/anaconda3/envs/sklearn-dev/lib/python3.9/site-packages$testslide",
    "/Users/muyeedahmed/anaconda3/envs/sklearn-dev/lib/python3.9/site-packages$aiopg",
    "/Users/muyeedahmed/anaconda3/envs/sklearn-dev/lib/python3.9/site-packages$idna",
    "/Users/muyeedahmed/anaconda3/envs/sklearn-dev/lib/python3.9/site-packages$more_itertools",
    "/Users/muyeedahmed/anaconda3/envs/sklearn-dev/lib/python3.9/site-packages$isort",
    "/Users/muyeedahmed/anaconda3/envs/sklearn-dev/lib/python3.9/site-packages$termcolor",
    "/Users/muyeedahmed/anaconda3/envs/sklearn-dev/lib/python3.9/site-packages$packaging",
    "/Users/muyeedahmed/anaconda3/envs/sklearn-dev/lib/python3.9/site-packages$mdurl",
    "/Users/muyeedahmed/anaconda3/envs/sklearn-dev/lib/python3.9/site-packages$promise",
    "/Users/muyeedahmed/anaconda3/envs/sklearn-dev/lib/python3.9/site-packages$unidecode",
    "/Users/muyeedahmed/anaconda3/envs/sklearn-dev/lib/python3.9/site-packages$typeshed_client",
    "/Users/muyeedahmed/anaconda3/envs/sklearn-dev/lib/python3.9/site-packages$prompt_toolkit",
    "/Users/muyeedahmed/anaconda3/envs/sklearn-dev/lib/python3.9/site-packages$typeguard",
    "/Users/muyeedahmed/anaconda3/envs/sklearn-dev/lib/python3.9/site-packages$blinker",
    "/Users/muyeedahmed/anaconda3/envs/sklearn-dev/lib/python3.9/site-packages$jellyfish",
    "/Users/muyeedahmed/anaconda3/envs/sklearn-dev/lib/python3.9/site-packages$tomlkit",
    "/Users/muyeedahmed/anaconda3/envs/sklearn-dev/lib/python3.9/site-packages$torch",
    "/Users/muyeedahmed/anaconda3/envs/sklearn-dev/lib/python3.9/site-packages$yaml-stubs",
    "/Users/muyeedahmed/anaconda3/envs/sklearn-dev/lib/python3.9/site-packages$pyproject_metadata",
    "/Users/muyeedahmed/anaconda3/envs/sklearn-dev/lib/python3.9/site-packages$xxhash",
    "/Users/muyeedahmed/anaconda3/envs/sklearn-dev/lib/python3.9/site-packages$sphinx",
    "/Users/muyeedahmed/anaconda3/envs/sklearn-dev/lib/python3.9/site-packages$filelock",
    "/Users/muyeedahmed/anaconda3/envs/sklearn-dev/lib/python3.9/site-packages$rpds",
    "/Users/muyeedahmed/anaconda3/envs/sklearn-dev/lib/python3.9/site-packages$dataclasses_json",
    "/Users/muyeedahmed/anaconda3/envs/sklearn-dev/lib/python3.9/site-packages$click",
    "/Users/muyeedahmed/anaconda3/envs/sklearn-dev/lib/python3.9/site-packages$markupsafe",
    "/Users/muyeedahmed/anaconda3/envs/sklearn-dev/lib/python3.9/site-packages$pytoolconfig",
    "/Users/muyeedahmed/anaconda3/envs/sklearn-dev/lib/python3.9/site-packages$mypy_django_plugin",
    "/Users/muyeedahmed/anaconda3/envs/sklearn-dev/lib/python3.9/site-packages$skimage",
    "/Users/muyeedahmed/anaconda3/envs/sklearn-dev/lib/python3.9/site-packages$rsa",
    "/Users/muyeedahmed/anaconda3/envs/sklearn-dev/lib/python3.9/site-packages$tifffile",
    "/Users/muyeedahmed/anaconda3/envs/sklearn-dev/lib/python3.9/site-packages$async_timeout",
    "/Users/muyeedahmed/anaconda3/envs/sklearn-dev/lib/python3.9/site-packages$iniconfig",
    "/Users/muyeedahmed/anaconda3/envs/sklearn-dev/lib/python3.9/site-packages$qtpy",
    "/Users/muyeedahmed/anaconda3/envs/sklearn-dev/lib/python3.9/site-packages$jinja2",
    "/Users/muyeedahmed/anaconda3/envs/sklearn-dev/lib/python3.9/site-packages$pathspec",
    "/Users/muyeedahmed/anaconda3/envs/sklearn-dev/lib/python3.9/site-packages$soupsieve",
    "/Users/muyeedahmed/anaconda3/envs/sklearn-dev/lib/python3.9/site-packages$django_stubs_ext",
    "/Users/muyeedahmed/anaconda3/envs/sklearn-dev/lib/python3.9/site-packages$pytest",
    "/Users/muyeedahmed/anaconda3/envs/sklearn-dev/lib/python3.9/site-packages$cattr",
    "/Users/muyeedahmed/anaconda3/envs/sklearn-dev/lib/python3.9/site-packages$flask",
    "/Users/muyeedahmed/anaconda3/envs/sklearn-dev/lib/python3.9/site-packages$pluggy",
    "/Users/muyeedahmed/anaconda3/envs/sklearn-dev/lib/python3.9/site-packages$attr",
    "/Users/muyeedahmed/anaconda3/envs/sklearn-dev/lib/python3.9/site-packages$PyPDF2",
    "/Users/muyeedahmed/anaconda3/envs/sklearn-dev/lib/python3.9/site-packages$lsprotocol",
    "/Users/muyeedahmed/anaconda3/envs/sklearn-dev/lib/python3.9/site-packages$contourpy",
    "/Users/muyeedahmed/anaconda3/envs/sklearn-dev/lib/python3.9/site-packages$PIL",
    "/Users/muyeedahmed/anaconda3/envs/sklearn-dev/lib/python3.9/site-packages$ml_dtypes",
    "/Users/muyeedahmed/anaconda3/envs/sklearn-dev/lib/python3.9/site-packages$_pytest",
    "/Users/muyeedahmed/anaconda3/envs/sklearn-dev/lib/python3.9/site-packages$nbconvert",
    "/Users/muyeedahmed/anaconda3/envs/sklearn-dev/lib/python3.9/site-packages$werkzeug",
    "/Users/muyeedahmed/anaconda3/envs/sklearn-dev/lib/python3.9/site-packages$pyparsing",
    "/Users/muyeedahmed/anaconda3/envs/sklearn-dev/lib/python3.9/site-packages$importlib_metadata",
    "/Users/muyeedahmed/anaconda3/envs/sklearn-dev/lib/python3.9/site-packages$imageio",
    "/Users/muyeedahmed/anaconda3/envs/sklearn-dev/lib/python3.9/site-packages$asgiref",
    "/Users/muyeedahmed/anaconda3/envs/sklearn-dev/lib/python3.9/site-packages$gurobipy",
    "/Users/muyeedahmed/anaconda3/envs/sklearn-dev/lib/python3.9/site-packages$charset_normalizer",
    "/Users/muyeedahmed/anaconda3/envs/sklearn-dev/lib/python3.9/site-packages$pytz-stubs",
    "/Users/muyeedahmed/anaconda3/envs/sklearn-dev/lib/python3.9/site-packages$keyring",
    "/Users/muyeedahmed/anaconda3/envs/sklearn-dev/lib/python3.9/site-packages$rich",
    "/Users/muyeedahmed/anaconda3/envs/sklearn-dev/lib/python3.9/site-packages$jupyter_core",
    "/Users/muyeedahmed/anaconda3/envs/sklearn-dev/lib/python3.9/site-packages$platformdirs",
    "/Users/muyeedahmed/anaconda3/envs/sklearn-dev/lib/python3.9/site-packages$IPython",
    "/Users/muyeedahmed/anaconda3/envs/sklearn-dev/lib/python3.9/site-packages$arrow",
    "/Users/muyeedahmed/anaconda3/envs/sklearn-dev/lib/python3.9/site-packages$itsdangerous",
    "/Users/muyeedahmed/anaconda3/envs/sklearn-dev/lib/python3.9/site-packages$marshmallow",
    "/Users/muyeedahmed/anaconda3/envs/sklearn-dev/lib/python3.9/site-packages$numpy",
    "/Users/muyeedahmed/anaconda3/envs/sklearn-dev/lib/python3.9/site-packages$pygls",
    "/Users/muyeedahmed/anaconda3/envs/sklearn-dev/lib/python3.9/site-packages$traitlets",
    "/Users/muyeedahmed/anaconda3/envs/sklearn-dev/lib/python3.9/site-packages$rtree",
    "/Users/muyeedahmed/anaconda3/envs/sklearn-dev/lib/python3.9/site-packages$certifi",
    "/Users/muyeedahmed/anaconda3/envs/sklearn-dev/lib/python3.9/site-packages$markdown_it",
    "/Users/muyeedahmed/anaconda3/envs/sklearn-dev/lib/pyre_check/typeshed/stdlib",
    "/Users/muyeedahmed/anaconda3/envs/sklearn-dev/lib/pyre_check/typeshed/stubs/D3DShot",
    "/Users/muyeedahmed/anaconda3/envs/sklearn-dev/lib/pyre_check/typeshed/stubs/DateTimeRange",
    "/Users/muyeedahmed/anaconda3/envs/sklearn-dev/lib/pyre_check/typeshed/stubs/Deprecated",
    "/Users/muyeedahmed/anaconda3/envs/sklearn-dev/lib/pyre_check/typeshed/stubs/ExifRead",
    "/Users/muyeedahmed/anaconda3/envs/sklearn-dev/lib/pyre_check/typeshed/stubs/Flask-Cors",
    "/Users/muyeedahmed/anaconda3/envs/sklearn-dev/lib/pyre_check/typeshed/stubs/Flask-Migrate",
    "/Users/muyeedahmed/anaconda3/envs/sklearn-dev/lib/pyre_check/typeshed/stubs/Flask-SQLAlchemy",
    "/Users/muyeedahmed/anaconda3/envs/sklearn-dev/lib/pyre_check/typeshed/stubs/JACK-Client",
    "/Users/muyeedahmed/anaconda3/envs/sklearn-dev/lib/pyre_check/typeshed/stubs/Markdown",
    "/Users/muyeedahmed/anaconda3/envs/sklearn-dev/lib/pyre_check/typeshed/stubs/Pillow",
    "/Users/muyeedahmed/anaconda3/envs/sklearn-dev/lib/pyre_check/typeshed/stubs/PyAutoGUI",
    "/Users/muyeedahmed/anaconda3/envs/sklearn-dev/lib/pyre_check/typeshed/stubs/PyMySQL",
    "/Users/muyeedahmed/anaconda3/envs/sklearn-dev/lib/pyre_check/typeshed/stubs/PyScreeze",
    "/Users/muyeedahmed/anaconda3/envs/sklearn-dev/lib/pyre_check/typeshed/stubs/PyYAML",
    "/Users/muyeedahmed/anaconda3/envs/sklearn-dev/lib/pyre_check/typeshed/stubs/Pygments",
    "/Users/muyeedahmed/anaconda3/envs/sklearn-dev/lib/pyre_check/typeshed/stubs/SQLAlchemy",
    "/Users/muyeedahmed/anaconda3/envs/sklearn-dev/lib/pyre_check/typeshed/stubs/Send2Trash",
    "/Users/muyeedahmed/anaconda3/envs/sklearn-dev/lib/pyre_check/typeshed/stubs/aiofiles",
    "/Users/muyeedahmed/anaconda3/envs/sklearn-dev/lib/pyre_check/typeshed/stubs/annoy",
    "/Users/muyeedahmed/anaconda3/envs/sklearn-dev/lib/pyre_check/typeshed/stubs/appdirs",
    "/Users/muyeedahmed/anaconda3/envs/sklearn-dev/lib/pyre_check/typeshed/stubs/aws-xray-sdk",
    "/Users/muyeedahmed/anaconda3/envs/sklearn-dev/lib/pyre_check/typeshed/stubs/babel",
    "/Users/muyeedahmed/anaconda3/envs/sklearn-dev/lib/pyre_check/typeshed/stubs/backports.ssl_match_hostname",
    "/Users/muyeedahmed/anaconda3/envs/sklearn-dev/lib/pyre_check/typeshed/stubs/beautifulsoup4",
    "/Users/muyeedahmed/anaconda3/envs/sklearn-dev/lib/pyre_check/typeshed/stubs/bleach",
    "/Users/muyeedahmed/anaconda3/envs/sklearn-dev/lib/pyre_check/typeshed/stubs/boto",
    "/Users/muyeedahmed/anaconda3/envs/sklearn-dev/lib/pyre_check/typeshed/stubs/braintree",
    "/Users/muyeedahmed/anaconda3/envs/sklearn-dev/lib/pyre_check/typeshed/stubs/cachetools",
    "/Users/muyeedahmed/anaconda3/envs/sklearn-dev/lib/pyre_check/typeshed/stubs/caldav",
    "/Users/muyeedahmed/anaconda3/envs/sklearn-dev/lib/pyre_check/typeshed/stubs/cffi",
    "/Users/muyeedahmed/anaconda3/envs/sklearn-dev/lib/pyre_check/typeshed/stubs/chardet",
    "/Users/muyeedahmed/anaconda3/envs/sklearn-dev/lib/pyre_check/typeshed/stubs/chevron",
    "/Users/muyeedahmed/anaconda3/envs/sklearn-dev/lib/pyre_check/typeshed/stubs/click-spinner",
    "/Users/muyeedahmed/anaconda3/envs/sklearn-dev/lib/pyre_check/typeshed/stubs/colorama",
    "/Users/muyeedahmed/anaconda3/envs/sklearn-dev/lib/pyre_check/typeshed/stubs/commonmark",
    "/Users/muyeedahmed/anaconda3/envs/sklearn-dev/lib/pyre_check/typeshed/stubs/console-menu",
    "/Users/muyeedahmed/anaconda3/envs/sklearn-dev/lib/pyre_check/typeshed/stubs/contextvars",
    "/Users/muyeedahmed/anaconda3/envs/sklearn-dev/lib/pyre_check/typeshed/stubs/croniter",
    "/Users/muyeedahmed/anaconda3/envs/sklearn-dev/lib/pyre_check/typeshed/stubs/dateparser",
    "/Users/muyeedahmed/anaconda3/envs/sklearn-dev/lib/pyre_check/typeshed/stubs/decorator",
    "/Users/muyeedahmed/anaconda3/envs/sklearn-dev/lib/pyre_check/typeshed/stubs/dj-database-url",
    "/Users/muyeedahmed/anaconda3/envs/sklearn-dev/lib/pyre_check/typeshed/stubs/dockerfile-parse",
    "/Users/muyeedahmed/anaconda3/envs/sklearn-dev/lib/pyre_check/typeshed/stubs/docopt",
    "/Users/muyeedahmed/anaconda3/envs/sklearn-dev/lib/pyre_check/typeshed/stubs/docutils",
    "/Users/muyeedahmed/anaconda3/envs/sklearn-dev/lib/pyre_check/typeshed/stubs/editdistance",
    "/Users/muyeedahmed/anaconda3/envs/sklearn-dev/lib/pyre_check/typeshed/stubs/emoji",
    "/Users/muyeedahmed/anaconda3/envs/sklearn-dev/lib/pyre_check/typeshed/stubs/entrypoints",
    "/Users/muyeedahmed/anaconda3/envs/sklearn-dev/lib/pyre_check/typeshed/stubs/first",
    "/Users/muyeedahmed/anaconda3/envs/sklearn-dev/lib/pyre_check/typeshed/stubs/flake8-2020",
    "/Users/muyeedahmed/anaconda3/envs/sklearn-dev/lib/pyre_check/typeshed/stubs/flake8-bugbear",
    "/Users/muyeedahmed/anaconda3/envs/sklearn-dev/lib/pyre_check/typeshed/stubs/flake8-builtins",
    "/Users/muyeedahmed/anaconda3/envs/sklearn-dev/lib/pyre_check/typeshed/stubs/flake8-docstrings",
    "/Users/muyeedahmed/anaconda3/envs/sklearn-dev/lib/pyre_check/typeshed/stubs/flake8-plugin-utils",
    "/Users/muyeedahmed/anaconda3/envs/sklearn-dev/lib/pyre_check/typeshed/stubs/flake8-rst-docstrings",
    "/Users/muyeedahmed/anaconda3/envs/sklearn-dev/lib/pyre_check/typeshed/stubs/flake8-simplify",
    "/Users/muyeedahmed/anaconda3/envs/sklearn-dev/lib/pyre_check/typeshed/stubs/flake8-typing-imports",
    "/Users/muyeedahmed/anaconda3/envs/sklearn-dev/lib/pyre_check/typeshed/stubs/fpdf2",
    "/Users/muyeedahmed/anaconda3/envs/sklearn-dev/lib/pyre_check/typeshed/stubs/gdb",
    "/Users/muyeedahmed/anaconda3/envs/sklearn-dev/lib/pyre_check/typeshed/stubs/google-cloud-ndb",
    "/Users/muyeedahmed/anaconda3/envs/sklearn-dev/lib/pyre_check/typeshed/stubs/hdbcli",
    "/Users/muyeedahmed/anaconda3/envs/sklearn-dev/lib/pyre_check/typeshed/stubs/html5lib",
    "/Users/muyeedahmed/anaconda3/envs/sklearn-dev/lib/pyre_check/typeshed/stubs/httplib2",
    "/Users/muyeedahmed/anaconda3/envs/sklearn-dev/lib/pyre_check/typeshed/stubs/humanfriendly",
    "/Users/muyeedahmed/anaconda3/envs/sklearn-dev/lib/pyre_check/typeshed/stubs/ibm-db",
    "/Users/muyeedahmed/anaconda3/envs/sklearn-dev/lib/pyre_check/typeshed/stubs/influxdb-client",
    "/Users/muyeedahmed/anaconda3/envs/sklearn-dev/lib/pyre_check/typeshed/stubs/invoke",
    "/Users/muyeedahmed/anaconda3/envs/sklearn-dev/lib/pyre_check/typeshed/stubs/jmespath",
    "/Users/muyeedahmed/anaconda3/envs/sklearn-dev/lib/pyre_check/typeshed/stubs/jsonschema",
    "/Users/muyeedahmed/anaconda3/envs/sklearn-dev/lib/pyre_check/typeshed/stubs/keyboard",
    "/Users/muyeedahmed/anaconda3/envs/sklearn-dev/lib/pyre_check/typeshed/stubs/ldap3",
    "/Users/muyeedahmed/anaconda3/envs/sklearn-dev/lib/pyre_check/typeshed/stubs/mock",
    "/Users/muyeedahmed/anaconda3/envs/sklearn-dev/lib/pyre_check/typeshed/stubs/mypy-extensions",
    "/Users/muyeedahmed/anaconda3/envs/sklearn-dev/lib/pyre_check/typeshed/stubs/mysqlclient",
    "/Users/muyeedahmed/anaconda3/envs/sklearn-dev/lib/pyre_check/typeshed/stubs/netaddr",
    "/Users/muyeedahmed/anaconda3/envs/sklearn-dev/lib/pyre_check/typeshed/stubs/oauthlib",
    "/Users/muyeedahmed/anaconda3/envs/sklearn-dev/lib/pyre_check/typeshed/stubs/openpyxl",
    "/Users/muyeedahmed/anaconda3/envs/sklearn-dev/lib/pyre_check/typeshed/stubs/opentracing",
    "/Users/muyeedahmed/anaconda3/envs/sklearn-dev/lib/pyre_check/typeshed/stubs/paho-mqtt",
    "/Users/muyeedahmed/anaconda3/envs/sklearn-dev/lib/pyre_check/typeshed/stubs/paramiko",
    "/Users/muyeedahmed/anaconda3/envs/sklearn-dev/lib/pyre_check/typeshed/stubs/parsimonious",
    "/Users/muyeedahmed/anaconda3/envs/sklearn-dev/lib/pyre_check/typeshed/stubs/passlib",
    "/Users/muyeedahmed/anaconda3/envs/sklearn-dev/lib/pyre_check/typeshed/stubs/passpy",
    "/Users/muyeedahmed/anaconda3/envs/sklearn-dev/lib/pyre_check/typeshed/stubs/peewee",
    "/Users/muyeedahmed/anaconda3/envs/sklearn-dev/lib/pyre_check/typeshed/stubs/pep8-naming",
    "/Users/muyeedahmed/anaconda3/envs/sklearn-dev/lib/pyre_check/typeshed/stubs/pika",
    "/Users/muyeedahmed/anaconda3/envs/sklearn-dev/lib/pyre_check/typeshed/stubs/playsound",
    "/Users/muyeedahmed/anaconda3/envs/sklearn-dev/lib/pyre_check/typeshed/stubs/polib",
    "/Users/muyeedahmed/anaconda3/envs/sklearn-dev/lib/pyre_check/typeshed/stubs/prettytable",
    "/Users/muyeedahmed/anaconda3/envs/sklearn-dev/lib/pyre_check/typeshed/stubs/protobuf",
    "/Users/muyeedahmed/anaconda3/envs/sklearn-dev/lib/pyre_check/typeshed/stubs/psutil",
    "/Users/muyeedahmed/anaconda3/envs/sklearn-dev/lib/pyre_check/typeshed/stubs/psycopg2",
    "/Users/muyeedahmed/anaconda3/envs/sklearn-dev/lib/pyre_check/typeshed/stubs/pyOpenSSL",
    "/Users/muyeedahmed/anaconda3/envs/sklearn-dev/lib/pyre_check/typeshed/stubs/pyRFC3339",
    "/Users/muyeedahmed/anaconda3/envs/sklearn-dev/lib/pyre_check/typeshed/stubs/pyasn1",
    "/Users/muyeedahmed/anaconda3/envs/sklearn-dev/lib/pyre_check/typeshed/stubs/pyaudio",
    "/Users/muyeedahmed/anaconda3/envs/sklearn-dev/lib/pyre_check/typeshed/stubs/pycocotools",
    "/Users/muyeedahmed/anaconda3/envs/sklearn-dev/lib/pyre_check/typeshed/stubs/pycurl",
    "/Users/muyeedahmed/anaconda3/envs/sklearn-dev/lib/pyre_check/typeshed/stubs/pyfarmhash",
    "/Users/muyeedahmed/anaconda3/envs/sklearn-dev/lib/pyre_check/typeshed/stubs/pyflakes",
    "/Users/muyeedahmed/anaconda3/envs/sklearn-dev/lib/pyre_check/typeshed/stubs/pyinstaller",
    "/Users/muyeedahmed/anaconda3/envs/sklearn-dev/lib/pyre_check/typeshed/stubs/pynput",
    "/Users/muyeedahmed/anaconda3/envs/sklearn-dev/lib/pyre_check/typeshed/stubs/pyserial",
    "/Users/muyeedahmed/anaconda3/envs/sklearn-dev/lib/pyre_check/typeshed/stubs/pysftp",
    "/Users/muyeedahmed/anaconda3/envs/sklearn-dev/lib/pyre_check/typeshed/stubs/pytest-lazy-fixture",
    "/Users/muyeedahmed/anaconda3/envs/sklearn-dev/lib/pyre_check/typeshed/stubs/python-crontab",
    "/Users/muyeedahmed/anaconda3/envs/sklearn-dev/lib/pyre_check/typeshed/stubs/python-datemath",
    "/Users/muyeedahmed/anaconda3/envs/sklearn-dev/lib/pyre_check/typeshed/stubs/python-dateutil",
    "/Users/muyeedahmed/anaconda3/envs/sklearn-dev/lib/pyre_check/typeshed/stubs/python-gflags",
    "/Users/muyeedahmed/anaconda3/envs/sklearn-dev/lib/pyre_check/typeshed/stubs/python-jose",
    "/Users/muyeedahmed/anaconda3/envs/sklearn-dev/lib/pyre_check/typeshed/stubs/python-nmap",
    "/Users/muyeedahmed/anaconda3/envs/sklearn-dev/lib/pyre_check/typeshed/stubs/python-slugify",
    "/Users/muyeedahmed/anaconda3/envs/sklearn-dev/lib/pyre_check/typeshed/stubs/python-xlib",
    "/Users/muyeedahmed/anaconda3/envs/sklearn-dev/lib/pyre_check/typeshed/stubs/pytz",
    "/Users/muyeedahmed/anaconda3/envs/sklearn-dev/lib/pyre_check/typeshed/stubs/pyvmomi",
    "/Users/muyeedahmed/anaconda3/envs/sklearn-dev/lib/pyre_check/typeshed/stubs/pywin32",
    "/Users/muyeedahmed/anaconda3/envs/sklearn-dev/lib/pyre_check/typeshed/stubs/redis",
    "/Users/muyeedahmed/anaconda3/envs/sklearn-dev/lib/pyre_check/typeshed/stubs/regex",
    "/Users/muyeedahmed/anaconda3/envs/sklearn-dev/lib/pyre_check/typeshed/stubs/requests",
    "/Users/muyeedahmed/anaconda3/envs/sklearn-dev/lib/pyre_check/typeshed/stubs/retry",
    "/Users/muyeedahmed/anaconda3/envs/sklearn-dev/lib/pyre_check/typeshed/stubs/setuptools",
    "/Users/muyeedahmed/anaconda3/envs/sklearn-dev/lib/pyre_check/typeshed/stubs/simplejson",
    "/Users/muyeedahmed/anaconda3/envs/sklearn-dev/lib/pyre_check/typeshed/stubs/singledispatch",
    "/Users/muyeedahmed/anaconda3/envs/sklearn-dev/lib/pyre_check/typeshed/stubs/six",
    "/Users/muyeedahmed/anaconda3/envs/sklearn-dev/lib/pyre_check/typeshed/stubs/slumber",
    "/Users/muyeedahmed/anaconda3/envs/sklearn-dev/lib/pyre_check/typeshed/stubs/stdlib-list",
    "/Users/muyeedahmed/anaconda3/envs/sklearn-dev/lib/pyre_check/typeshed/stubs/stripe",
    "/Users/muyeedahmed/anaconda3/envs/sklearn-dev/lib/pyre_check/typeshed/stubs/tabulate",
    "/Users/muyeedahmed/anaconda3/envs/sklearn-dev/lib/pyre_check/typeshed/stubs/tensorflow",
    "/Users/muyeedahmed/anaconda3/envs/sklearn-dev/lib/pyre_check/typeshed/stubs/termcolor",
    "/Users/muyeedahmed/anaconda3/envs/sklearn-dev/lib/pyre_check/typeshed/stubs/toml",
    "/Users/muyeedahmed/anaconda3/envs/sklearn-dev/lib/pyre_check/typeshed/stubs/toposort",
    "/Users/muyeedahmed/anaconda3/envs/sklearn-dev/lib/pyre_check/typeshed/stubs/tqdm",
    "/Users/muyeedahmed/anaconda3/envs/sklearn-dev/lib/pyre_check/typeshed/stubs/tree-sitter",
    "/Users/muyeedahmed/anaconda3/envs/sklearn-dev/lib/pyre_check/typeshed/stubs/tree-sitter-languages",
    "/Users/muyeedahmed/anaconda3/envs/sklearn-dev/lib/pyre_check/typeshed/stubs/ttkthemes",
    "/Users/muyeedahmed/anaconda3/envs/sklearn-dev/lib/pyre_check/typeshed/stubs/typed-ast",
    "/Users/muyeedahmed/anaconda3/envs/sklearn-dev/lib/pyre_check/typeshed/stubs/tzlocal",
    "/Users/muyeedahmed/anaconda3/envs/sklearn-dev/lib/pyre_check/typeshed/stubs/ujson",
    "/Users/muyeedahmed/anaconda3/envs/sklearn-dev/lib/pyre_check/typeshed/stubs/untangle",
    "/Users/muyeedahmed/anaconda3/envs/sklearn-dev/lib/pyre_check/typeshed/stubs/urllib3",
    "/Users/muyeedahmed/anaconda3/envs/sklearn-dev/lib/pyre_check/typeshed/stubs/vobject",
    "/Users/muyeedahmed/anaconda3/envs/sklearn-dev/lib/pyre_check/typeshed/stubs/waitress",
    "/Users/muyeedahmed/anaconda3/envs/sklearn-dev/lib/pyre_check/typeshed/stubs/whatthepatch",
    "/Users/muyeedahmed/anaconda3/envs/sklearn-dev/lib/pyre_check/typeshed/stubs/xmltodict",
    "/Users/muyeedahmed/anaconda3/envs/sklearn-dev/lib/pyre_check/typeshed/stubs/xxhash",
    "/Users/muyeedahmed/anaconda3/envs/sklearn-dev/lib/pyre_check/typeshed/stubs/zstd",
    "/Users/muyeedahmed/anaconda3/envs/sklearn-dev/lib/pyre_check/typeshed/stubs/zxcvbn"
  ],
  "excludes": [],
  "checked_directory_allowlist": [
    "/Users/muyeedahmed/Desktop/Gitcode/ForkedLibrary/pysa-sklearn/scikit-learn"
  ],
  "checked_directory_blocklist": [],
  "extensions": [],
  "log_path": "/Users/muyeedahmed/Desktop/Gitcode/ForkedLibrary/pysa-sklearn/scikit-learn/.pyre",
  "global_root": "/Users/muyeedahmed/Desktop/Gitcode/ForkedLibrary/pysa-sklearn/scikit-learn",
  "debug": false,
  "python_version": {
    "major": 3,
    "minor": 9,
    "micro": 18
  },
  "shared_memory": {},
  "parallel": true,
  "number_of_workers": 7,
  "inline_decorators": false,
  "no_verify": false,
  "verify_dsl": false,
  "verify_taint_config_only": false,
  "strict": false,
  "taint_model_paths": [
    "/Users/muyeedahmed/Desktop/Gitcode/ForkedLibrary/pysa-sklearn/scikit-learn"
  ],
  "use_cache": false,
  "build_cache_only": false,
  "check_invariants": false,
  "limit_entrypoints": false,
  "compact_ocaml_heap": false,
  "saved_state": {
    "watchman_root": null,
    "project_name": null,
    "cache_critical_files": []
  }
}
2026-02-11 10:43:58,064 [PID 34882] INFO  Initializing shared memory (heap_size: 8589934592, dep_table_pow: 27, hash_table_pow: 26)
2026-02-11 10:43:58,083 [PID 34882] INFO  Verifying taint configuration.
2026-02-11 10:43:58,243 [PID 34882] PERFORMANCE  Verified taint configuration: 0.159s
2026-02-11 10:43:58,243 [PID 34882] INFO  Verifying model syntax.
2026-02-11 10:43:58,272 [PID 34882] INFO  Finding taint models in `/Users/muyeedahmed/Desktop/Gitcode/ForkedLibrary/pysa-sklearn/scikit-learn`.
2026-02-11 10:43:58,275 [PID 34882] PERFORMANCE  Verified model syntax: 0.032s
2026-02-11 10:43:58,275 [PID 34882] INFO  Parsing taint models for decorator modes...
2026-02-11 10:43:58,304 [PID 34882] INFO  Finding taint models in `/Users/muyeedahmed/Desktop/Gitcode/ForkedLibrary/pysa-sklearn/scikit-learn`.
2026-02-11 10:43:58,304 [PID 34882] PERFORMANCE  Parsed taint models for decorator modes: 0.029s
2026-02-11 10:43:58,304 [PID 34882] INFO  Starting type checking...
2026-02-11 10:43:58,305 [PID 34882] INFO  Creating environment...
2026-02-11 10:43:58,305 [PID 34882] INFO  Building module tracker...
2026-02-11 10:44:00,447 [PID 34882] PERFORMANCE  Module tracker built: 2.141s
2026-02-11 10:44:00,565 [PID 34882] PERFORMANCE  Full environment built: 2.261s
2026-02-11 10:44:00,566 [PID 34882] INFO  Found 12352 modules
2026-02-11 10:44:00,566 [PID 34882] INFO  Collecting all definitions...
2026-02-11 10:44:36,402 [PID 34882] PERFORMANCE  Collected definitions (defines: 220728): 35.834s
2026-02-11 10:44:36,404 [PID 34882] INFO  Checking 220728 functions...
2026-02-11 10:45:55,445 [PID 34882] INFO  Processed 4906 of 220728 functions
2026-02-11 10:46:08,341 [PID 34882] INFO  Processed 9812 of 220728 functions
2026-02-11 10:46:11,728 [PID 34882] PERFORMANCE  Long type check of callable (cutoff time: 60, callable: matplotlib.tests.test_collections.test_polyquadmesh_masked_vertices_array)
2026-02-11 10:46:11,729 [PID 34882] INFO  The type check of matplotlib.tests.test_collections.test_polyquadmesh_masked_vertices_array is taking more than 60 seconds (pid = 34910)
2026-02-11 10:46:19,473 [PID 34882] INFO  Processed 14718 of 220728 functions
2026-02-11 10:46:46,646 [PID 34882] PERFORMANCE  Long type check of callable (cutoff time: 60, callable: numpy.lib.tests.test_format.$toplevel)
2026-02-11 10:46:46,659 [PID 34882] INFO  The type check of numpy.lib.tests.test_format.$toplevel is taking more than 60 seconds (pid = 34914)
2026-02-11 10:47:03,547 [PID 34882] INFO  Processed 19624 of 220728 functions
2026-02-11 10:47:07,356 [PID 34882] INFO  Processed 24530 of 220728 functions
2026-02-11 10:47:11,728 [PID 34882] PERFORMANCE  Long type check of callable (cutoff time: 120, callable: matplotlib.tests.test_collections.test_polyquadmesh_masked_vertices_array)
2026-02-11 10:47:11,729 [PID 34882] INFO  The type check of matplotlib.tests.test_collections.test_polyquadmesh_masked_vertices_array is taking more than 120 seconds (pid = 34910)
2026-02-11 10:47:27,622 [PID 34882] INFO  Processed 29436 of 220728 functions
2026-02-11 10:47:28,114 [PID 34882] INFO  Processed 34342 of 220728 functions
2026-02-11 10:47:46,645 [PID 34882] PERFORMANCE  Long type check of callable (cutoff time: 120, callable: numpy.lib.tests.test_format.$toplevel)
2026-02-11 10:47:46,647 [PID 34882] INFO  The type check of numpy.lib.tests.test_format.$toplevel is taking more than 120 seconds (pid = 34914)
2026-02-11 10:47:58,622 [PID 34882] INFO  Processed 39248 of 220728 functions
2026-02-11 10:48:11,018 [PID 34882] INFO  Processed 44154 of 220728 functions
2026-02-11 10:48:31,528 [PID 34882] INFO  Processed 49060 of 220728 functions
2026-02-11 10:48:32,060 [PID 34882] INFO  Processed 53966 of 220728 functions
2026-02-11 10:48:36,101 [PID 34882] PERFORMANCE  Long type check of callable (cutoff time: 60, callable: matplotlib.tests.test_contour.test_deprecated_apis)
2026-02-11 10:48:36,111 [PID 34882] INFO  The type check of matplotlib.tests.test_contour.test_deprecated_apis is taking more than 60 seconds (pid = 34983)
2026-02-11 10:49:09,340 [PID 34882] INFO  Processed 58872 of 220728 functions
2026-02-11 10:49:11,733 [PID 34882] PERFORMANCE  Long type check of callable (cutoff time: 240, callable: matplotlib.tests.test_collections.test_polyquadmesh_masked_vertices_array)
2026-02-11 10:49:11,735 [PID 34882] INFO  The type check of matplotlib.tests.test_collections.test_polyquadmesh_masked_vertices_array is taking more than 240 seconds (pid = 34910)
2026-02-11 10:49:15,387 [PID 34882] INFO  Processed 63778 of 220728 functions
2026-02-11 10:49:36,094 [PID 34882] PERFORMANCE  Long type check of callable (cutoff time: 120, callable: matplotlib.tests.test_contour.test_deprecated_apis)
2026-02-11 10:49:36,095 [PID 34882] INFO  The type check of matplotlib.tests.test_contour.test_deprecated_apis is taking more than 120 seconds (pid = 34983)
2026-02-11 10:49:46,660 [PID 34882] PERFORMANCE  Long type check of callable (cutoff time: 240, callable: numpy.lib.tests.test_format.$toplevel)
2026-02-11 10:49:46,661 [PID 34882] INFO  The type check of numpy.lib.tests.test_format.$toplevel is taking more than 240 seconds (pid = 34914)
2026-02-11 10:50:00,090 [PID 34882] INFO  Processed 68684 of 220728 functions
2026-02-11 10:50:00,548 [PID 34882] INFO  Processed 73590 of 220728 functions
2026-02-11 10:50:01,428 [PID 34882] INFO  Processed 78496 of 220728 functions
2026-02-11 10:50:45,551 [PID 34882] INFO  Processed 83402 of 220728 functions
2026-02-11 10:51:18,954 [PID 34882] INFO  Processed 88308 of 220728 functions
2026-02-11 10:51:32,428 [PID 34882] INFO  Processed 93214 of 220728 functions
2026-02-11 10:51:32,491 [PID 34882] PERFORMANCE  Long type check of callable (cutoff time: 60, callable: torch.overrides.get_testing_overrides)
2026-02-11 10:51:32,494 [PID 34882] INFO  The type check of torch.overrides.get_testing_overrides is taking more than 60 seconds (pid = 35003)
2026-02-11 10:51:36,128 [PID 34882] PERFORMANCE  Long type check of callable (cutoff time: 240, callable: matplotlib.tests.test_contour.test_deprecated_apis)
2026-02-11 10:51:36,138 [PID 34882] INFO  The type check of matplotlib.tests.test_contour.test_deprecated_apis is taking more than 240 seconds (pid = 34983)
2026-02-11 10:52:08,827 [PID 34882] INFO  Processed 98120 of 220728 functions
2026-02-11 10:52:21,661 [PID 34882] ERROR 
